The system is: Windows - 10.0.19043 - AMD64
Compiling the C compiler identification source file "CMakeCCompilerId.c" succeeded.
Compiler:  
Build flags: 
Id flags:  

The output was:
0
Microsoft (R) Build Engine versión 17.1.0+ae57d105c para .NET Framework
Copyright (C) Microsoft Corporation. Todos los derechos reservados.

Compilación iniciada a las 8/5/2022 19:33:51.
Proyecto "C:\Users\catta\Documents\EDA\Eda_Level5\build\CMakeFiles\3.22.22022201-MSVC_2\CompilerIdC\CompilerIdC.vcxproj" en nodo 1 (destinos predeterminados).
PrepareForBuild:
  Creando directorio "Debug\".
  Creando directorio "Debug\CompilerIdC.tlog\".
InitializeBuildStatus:
  Se creará "Debug\CompilerIdC.tlog\unsuccessfulbuild" porque se especificó "AlwaysCreate".
VcpkgTripletSelection:
  Using triplet "x64-windows" from "C:\Users\catta\dev\vcpkg\installed\x64-windows\"
ClCompile:
  C:\Program Files (x86)\Microsoft Visual Studio\2022\BuildTools\VC\Tools\MSVC\14.31.31103\bin\HostX64\x64\CL.exe /c /I"C:\Users\catta\dev\vcpkg\installed\x64-windows\include" /nologo /W0 /WX- /diagnostics:column /Od /D _MBCS /Gm- /EHsc /RTC1 /MDd /GS /fp:precise /Zc:wchar_t /Zc:forScope /Zc:inline /Fo"Debug\\" /Fd"Debug\vc143.pdb" /external:W0 /Gd /TC /FC /errorReport:queue CMakeCCompilerId.c
  CMakeCCompilerId.c
Link:
  C:\Program Files (x86)\Microsoft Visual Studio\2022\BuildTools\VC\Tools\MSVC\14.31.31103\bin\HostX64\x64\link.exe /ERRORREPORT:QUEUE /OUT:".\CompilerIdC.exe" /INCREMENTAL:NO /NOLOGO /LIBPATH:"C:\Users\catta\dev\vcpkg\installed\x64-windows\debug\lib" /LIBPATH:"C:\Users\catta\dev\vcpkg\installed\x64-windows\debug\lib\manual-link" kernel32.lib user32.lib gdi32.lib winspool.lib comdlg32.lib advapi32.lib shell32.lib ole32.lib oleaut32.lib uuid.lib odbc32.lib odbccp32.lib "C:\Users\catta\dev\vcpkg\installed\x64-windows\debug\lib\*.lib" /MANIFEST /MANIFESTUAC:"level='asInvoker' uiAccess='false'" /manifest:embed /PDB:".\CompilerIdC.pdb" /SUBSYSTEM:CONSOLE /TLBID:1 /DYNAMICBASE /NXCOMPAT /IMPLIB:".\CompilerIdC.lib" /MACHINE:X64 Debug\CMakeCCompilerId.obj
  CompilerIdC.vcxproj -> C:\Users\catta\Documents\EDA\Eda_Level5\build\CMakeFiles\3.22.22022201-MSVC_2\CompilerIdC\CompilerIdC.exe
AppLocalFromInstalled:
  pwsh.exe -ExecutionPolicy Bypass -noprofile -File "C:\Users\catta\dev\vcpkg\scripts\buildsystems\msbuild\applocal.ps1" "C:\Users\catta\Documents\EDA\Eda_Level5\build\CMakeFiles\3.22.22022201-MSVC_2\CompilerIdC\CompilerIdC.exe" "C:\Users\catta\dev\vcpkg\installed\x64-windows\debug\bin" "Debug\CompilerIdC.tlog\CompilerIdC.write.1u.tlog" "Debug\vcpkg.applocal.log"
  "pwsh.exe" no se reconoce como un comando interno o externo,
  programa o archivo por lotes ejecutable.
  El comando "pwsh.exe -ExecutionPolicy Bypass -noprofile -File "C:\Users\catta\dev\vcpkg\scripts\buildsystems\msbuild\applocal.ps1" "C:\Users\catta\Documents\EDA\Eda_Level5\build\CMakeFiles\3.22.22022201-MSVC_2\CompilerIdC\CompilerIdC.exe" "C:\Users\catta\dev\vcpkg\installed\x64-windows\debug\bin" "Debug\CompilerIdC.tlog\CompilerIdC.write.1u.tlog" "Debug\vcpkg.applocal.log"" salió con el código 9009.
  "C:\Windows\System32\WindowsPowerShell\v1.0\powershell.exe" -ExecutionPolicy Bypass -noprofile -File "C:\Users\catta\dev\vcpkg\scripts\buildsystems\msbuild\applocal.ps1" "C:\Users\catta\Documents\EDA\Eda_Level5\build\CMakeFiles\3.22.22022201-MSVC_2\CompilerIdC\CompilerIdC.exe" "C:\Users\catta\dev\vcpkg\installed\x64-windows\debug\bin" "Debug\CompilerIdC.tlog\CompilerIdC.write.1u.tlog" "Debug\vcpkg.applocal.log"
PostBuildEvent:
  for %%i in (cl.exe) do @echo CMAKE_C_COMPILER=%%~$PATH:i
  :VCEnd
  CMAKE_C_COMPILER=C:\Program Files (x86)\Microsoft Visual Studio\2022\BuildTools\VC\Tools\MSVC\14.31.31103\bin\Hostx64\x64\cl.exe
FinalizeBuildStatus:
  Se eliminará el archivo "Debug\CompilerIdC.tlog\unsuccessfulbuild".
  Aplicando tarea Touch a "Debug\CompilerIdC.tlog\CompilerIdC.lastbuildstate".
Compilación del proyecto terminada "C:\Users\catta\Documents\EDA\Eda_Level5\build\CMakeFiles\3.22.22022201-MSVC_2\CompilerIdC\CompilerIdC.vcxproj" (destinos predeterminados).

Compilación correcta.
    0 Advertencia(s)
    0 Errores

Tiempo transcurrido 00:00:02.50


Compilation of the C compiler identification source "CMakeCCompilerId.c" produced "CompilerIdC.exe"

Compilation of the C compiler identification source "CMakeCCompilerId.c" produced "CompilerIdC.vcxproj"

The C compiler identification is MSVC, found in "C:/Users/catta/Documents/EDA/Eda_Level5/build/CMakeFiles/3.22.22022201-MSVC_2/CompilerIdC/CompilerIdC.exe"

Compiling the CXX compiler identification source file "CMakeCXXCompilerId.cpp" succeeded.
Compiler:  
Build flags: 
Id flags:  

The output was:
0
Microsoft (R) Build Engine versión 17.1.0+ae57d105c para .NET Framework
Copyright (C) Microsoft Corporation. Todos los derechos reservados.

Compilación iniciada a las 8/5/2022 19:33:54.
Proyecto "C:\Users\catta\Documents\EDA\Eda_Level5\build\CMakeFiles\3.22.22022201-MSVC_2\CompilerIdCXX\CompilerIdCXX.vcxproj" en nodo 1 (destinos predeterminados).
PrepareForBuild:
  Creando directorio "Debug\".
  Creando directorio "Debug\CompilerIdCXX.tlog\".
InitializeBuildStatus:
  Se creará "Debug\CompilerIdCXX.tlog\unsuccessfulbuild" porque se especificó "AlwaysCreate".
VcpkgTripletSelection:
  Using triplet "x64-windows" from "C:\Users\catta\dev\vcpkg\installed\x64-windows\"
ClCompile:
  C:\Program Files (x86)\Microsoft Visual Studio\2022\BuildTools\VC\Tools\MSVC\14.31.31103\bin\HostX64\x64\CL.exe /c /I"C:\Users\catta\dev\vcpkg\installed\x64-windows\include" /nologo /W0 /WX- /diagnostics:column /Od /D _MBCS /Gm- /EHsc /RTC1 /MDd /GS /fp:precise /Zc:wchar_t /Zc:forScope /Zc:inline /Fo"Debug\\" /Fd"Debug\vc143.pdb" /external:W0 /Gd /TP /FC /errorReport:queue CMakeCXXCompilerId.cpp
  CMakeCXXCompilerId.cpp
Link:
  C:\Program Files (x86)\Microsoft Visual Studio\2022\BuildTools\VC\Tools\MSVC\14.31.31103\bin\HostX64\x64\link.exe /ERRORREPORT:QUEUE /OUT:".\CompilerIdCXX.exe" /INCREMENTAL:NO /NOLOGO /LIBPATH:"C:\Users\catta\dev\vcpkg\installed\x64-windows\debug\lib" /LIBPATH:"C:\Users\catta\dev\vcpkg\installed\x64-windows\debug\lib\manual-link" kernel32.lib user32.lib gdi32.lib winspool.lib comdlg32.lib advapi32.lib shell32.lib ole32.lib oleaut32.lib uuid.lib odbc32.lib odbccp32.lib "C:\Users\catta\dev\vcpkg\installed\x64-windows\debug\lib\*.lib" /MANIFEST /MANIFESTUAC:"level='asInvoker' uiAccess='false'" /manifest:embed /PDB:".\CompilerIdCXX.pdb" /SUBSYSTEM:CONSOLE /TLBID:1 /DYNAMICBASE /NXCOMPAT /IMPLIB:".\CompilerIdCXX.lib" /MACHINE:X64 Debug\CMakeCXXCompilerId.obj
  CompilerIdCXX.vcxproj -> C:\Users\catta\Documents\EDA\Eda_Level5\build\CMakeFiles\3.22.22022201-MSVC_2\CompilerIdCXX\CompilerIdCXX.exe
AppLocalFromInstalled:
  pwsh.exe -ExecutionPolicy Bypass -noprofile -File "C:\Users\catta\dev\vcpkg\scripts\buildsystems\msbuild\applocal.ps1" "C:\Users\catta\Documents\EDA\Eda_Level5\build\CMakeFiles\3.22.22022201-MSVC_2\CompilerIdCXX\CompilerIdCXX.exe" "C:\Users\catta\dev\vcpkg\installed\x64-windows\debug\bin" "Debug\CompilerIdCXX.tlog\CompilerIdCXX.write.1u.tlog" "Debug\vcpkg.applocal.log"
  "pwsh.exe" no se reconoce como un comando interno o externo,
  programa o archivo por lotes ejecutable.
  El comando "pwsh.exe -ExecutionPolicy Bypass -noprofile -File "C:\Users\catta\dev\vcpkg\scripts\buildsystems\msbuild\applocal.ps1" "C:\Users\catta\Documents\EDA\Eda_Level5\build\CMakeFiles\3.22.22022201-MSVC_2\CompilerIdCXX\CompilerIdCXX.exe" "C:\Users\catta\dev\vcpkg\installed\x64-windows\debug\bin" "Debug\CompilerIdCXX.tlog\CompilerIdCXX.write.1u.tlog" "Debug\vcpkg.applocal.log"" salió con el código 9009.
  "C:\Windows\System32\WindowsPowerShell\v1.0\powershell.exe" -ExecutionPolicy Bypass -noprofile -File "C:\Users\catta\dev\vcpkg\scripts\buildsystems\msbuild\applocal.ps1" "C:\Users\catta\Documents\EDA\Eda_Level5\build\CMakeFiles\3.22.22022201-MSVC_2\CompilerIdCXX\CompilerIdCXX.exe" "C:\Users\catta\dev\vcpkg\installed\x64-windows\debug\bin" "Debug\CompilerIdCXX.tlog\CompilerIdCXX.write.1u.tlog" "Debug\vcpkg.applocal.log"
PostBuildEvent:
  for %%i in (cl.exe) do @echo CMAKE_CXX_COMPILER=%%~$PATH:i
  :VCEnd
  CMAKE_CXX_COMPILER=C:\Program Files (x86)\Microsoft Visual Studio\2022\BuildTools\VC\Tools\MSVC\14.31.31103\bin\Hostx64\x64\cl.exe
FinalizeBuildStatus:
  Se eliminará el archivo "Debug\CompilerIdCXX.tlog\unsuccessfulbuild".
  Aplicando tarea Touch a "Debug\CompilerIdCXX.tlog\CompilerIdCXX.lastbuildstate".
Compilación del proyecto terminada "C:\Users\catta\Documents\EDA\Eda_Level5\build\CMakeFiles\3.22.22022201-MSVC_2\CompilerIdCXX\CompilerIdCXX.vcxproj" (destinos predeterminados).

Compilación correcta.
    0 Advertencia(s)
    0 Errores

Tiempo transcurrido 00:00:02.30


Compilation of the CXX compiler identification source "CMakeCXXCompilerId.cpp" produced "CompilerIdCXX.exe"

Compilation of the CXX compiler identification source "CMakeCXXCompilerId.cpp" produced "CompilerIdCXX.vcxproj"

The CXX compiler identification is MSVC, found in "C:/Users/catta/Documents/EDA/Eda_Level5/build/CMakeFiles/3.22.22022201-MSVC_2/CompilerIdCXX/CompilerIdCXX.exe"

Detecting C compiler ABI info compiled with the following output:
Change Dir: C:/Users/catta/Documents/EDA/Eda_Level5/build/CMakeFiles/CMakeTmp

Run Build Command(s):C:/Program Files (x86)/Microsoft Visual Studio/2022/BuildTools/MSBuild/Current/Bin/amd64/MSBuild.exe cmTC_78c06.vcxproj /p:Configuration=Debug /p:Platform=x64 /p:VisualStudioVersion=17.0 /v:m && Microsoft (R) Build Engine versión 17.1.0+ae57d105c para .NET Framework
Copyright (C) Microsoft Corporation. Todos los derechos reservados.

  Compilador de optimización de C/C++ de Microsoft (R) versión 19.31.31105 para x64
  (C) Microsoft Corporation. Todos los derechos reservados.
  CMakeCCompilerABI.c
  cl /c /Zi /W3 /WX- /diagnostics:column /Od /Ob0 /D _MBCS /D WIN32 /D _WINDOWS /D "CMAKE_INTDIR=\"Debug\"" /Gm- /RTC1 /MDd /GS /fp:precise /Zc:wchar_t /Zc:forScope /Zc:inline /Fo"cmTC_78c06.dir\Debug\\" /Fd"cmTC_78c06.dir\Debug\vc143.pdb" /external:W3 /Gd /TC /errorReport:queue "C:\Program Files (x86)\Microsoft Visual Studio\2022\BuildTools\Common7\IDE\CommonExtensions\Microsoft\CMake\CMake\share\cmake-3.22\Modules\CMakeCCompilerABI.c"
  cmTC_78c06.vcxproj -> C:\Users\catta\Documents\EDA\Eda_Level5\build\CMakeFiles\CMakeTmp\Debug\cmTC_78c06.exe



Detecting CXX compiler ABI info compiled with the following output:
Change Dir: C:/Users/catta/Documents/EDA/Eda_Level5/build/CMakeFiles/CMakeTmp

Run Build Command(s):C:/Program Files (x86)/Microsoft Visual Studio/2022/BuildTools/MSBuild/Current/Bin/amd64/MSBuild.exe cmTC_8c140.vcxproj /p:Configuration=Debug /p:Platform=x64 /p:VisualStudioVersion=17.0 /v:m && Microsoft (R) Build Engine versión 17.1.0+ae57d105c para .NET Framework
Copyright (C) Microsoft Corporation. Todos los derechos reservados.

  Compilador de optimización de C/C++ de Microsoft (R) versión 19.31.31105 para x64
  CMakeCXXCompilerABI.cpp
  (C) Microsoft Corporation. Todos los derechos reservados.
  cl /c /Zi /W3 /WX- /diagnostics:column /Od /Ob0 /D _MBCS /D WIN32 /D _WINDOWS /D "CMAKE_INTDIR=\"Debug\"" /Gm- /EHsc /RTC1 /MDd /GS /fp:precise /Zc:wchar_t /Zc:forScope /Zc:inline /GR /Fo"cmTC_8c140.dir\Debug\\" /Fd"cmTC_8c140.dir\Debug\vc143.pdb" /external:W3 /Gd /TP /errorReport:queue "C:\Program Files (x86)\Microsoft Visual Studio\2022\BuildTools\Common7\IDE\CommonExtensions\Microsoft\CMake\CMake\share\cmake-3.22\Modules\CMakeCXXCompilerABI.cpp"
  cmTC_8c140.vcxproj -> C:\Users\catta\Documents\EDA\Eda_Level5\build\CMakeFiles\CMakeTmp\Debug\cmTC_8c140.exe



